2025-08-15T17:40:59.490Z [INFO] [SYSTEM] Trading Bot starting up...
2025-08-15T17:40:59.493Z [INFO] [SYSTEM] Memory monitoring started
2025-08-15T17:41:00.269Z [INFO] [SYSTEM] Trading Bot started successfully
2025-08-15T17:41:00.272Z [INFO] [REBALANCE] Starting portfolio rebalancing 585 $
2025-08-15T17:41:00.937Z [INFO] [REBALANCE] BNB: $151.11 / $150.00 (0.7%)
2025-08-15T17:41:00.943Z [INFO] [REBALANCE] ETH: $151.73 / $150.00 (1.2%)
2025-08-15T17:41:00.954Z [INFO] [REBALANCE] SUI: $44.46 / $45.00 (-1.2%)
2025-08-15T17:41:00.989Z [INFO] [REBALANCE] ARB: $43.39 / $45.00 (-3.6%)
2025-08-15T17:41:01.002Z [INFO] [REBALANCE] DOT: $44.37 / $45.00 (-1.4%)
2025-08-15T17:41:01.035Z [INFO] [REBALANCE] SOL: $149.20 / $150.00 (-0.5%)
2025-08-15T17:41:01.057Z [INFO] [REBALANCE] ----------Portfolio rebalancing completed----------
2025-08-15T17:41:01.296Z [INFO] [ASSET] 
#####################################################################################
# BTC: $157.47 | USDT: $22.54 | Portfolio: $584.27 | Total: $764.28 | ROI: 4.70% | PNL: $34.28 (PROFIT) #
#####################################################################################
2025-08-15T18:00:01.093Z [INFO] [REBALANCE] Starting portfolio rebalancing 585 $
2025-08-15T18:00:01.669Z [INFO] [REBALANCE] DOT: $44.25 / $45.00 (-1.7%)
2025-08-15T18:00:01.677Z [INFO] [REBALANCE] ARB: $43.61 / $45.00 (-3.1%)
2025-08-15T18:00:01.733Z [INFO] [REBALANCE] ETH: $151.60 / $150.00 (1.1%)
2025-08-15T18:00:01.797Z [INFO] [REBALANCE] SOL: $148.72 / $150.00 (-0.9%)
2025-08-15T18:00:01.824Z [INFO] [REBALANCE] BNB: $151.04 / $150.00 (0.7%)
2025-08-15T18:00:01.831Z [INFO] [REBALANCE] SUI: $44.30 / $45.00 (-1.6%)
2025-08-15T18:00:01.864Z [INFO] [REBALANCE] ----------Portfolio rebalancing completed----------
2025-08-15T18:00:02.339Z [INFO] [ASSET] 
#####################################################################################
# BTC: $157.27 | USDT: $22.54 | Portfolio: $583.52 | Total: $763.33 | ROI: 4.57% | PNL: $33.33 (PROFIT) #
#####################################################################################
2025-08-15T18:30:00.974Z [INFO] [REBALANCE] Starting portfolio rebalancing 585 $
2025-08-15T18:30:01.483Z [INFO] [REBALANCE] ETH: $150.84 / $150.00 (0.6%)
2025-08-15T18:30:01.524Z [INFO] [REBALANCE] BNB: $150.79 / $150.00 (0.5%)
2025-08-15T18:30:01.976Z [INFO] [REBALANCE] DOT: $44.17 / $45.00 (-1.8%)
2025-08-15T18:30:02.155Z [INFO] [REBALANCE] ARB: $43.20 / $45.00 (-4.0%)
2025-08-15T18:30:02.347Z [INFO] [REBALANCE] SOL: $147.82 / $150.00 (-1.5%)
2025-08-15T18:30:02.884Z [INFO] [REBALANCE] SUI: $44.10 / $45.00 (-2.0%)
2025-08-15T18:30:02.898Z [INFO] [REBALANCE] ----------Portfolio rebalancing completed----------
2025-08-15T18:30:03.368Z [INFO] [ASSET] 
#####################################################################################
# BTC: $156.90 | USDT: $22.54 | Portfolio: $580.92 | Total: $760.37 | ROI: 4.16% | PNL: $30.37 (PROFIT) #
#####################################################################################
2025-08-15T18:40:59.493Z [INFO] [SYSTEM] Memory Usage - RSS: 60.80MB, Heap: 23.38MB, External: 3.78MB
2025-08-15T19:00:01.043Z [INFO] [REBALANCE] Starting portfolio rebalancing 585 $
2025-08-15T19:00:01.619Z [INFO] [REBALANCE] ETH: $150.20 / $150.00 (0.1%)
2025-08-15T19:00:01.625Z [INFO] [REBALANCE] SOL: $147.41 / $150.00 (-1.7%)
2025-08-15T19:00:01.654Z [INFO] [REBALANCE] SUI: $43.90 / $45.00 (-2.4%)
2025-08-15T19:00:01.714Z [INFO] [REBALANCE] DOT: $43.93 / $45.00 (-2.4%)
2025-08-15T19:00:01.748Z [INFO] [REBALANCE] BNB: $150.46 / $150.00 (0.3%)
2025-08-15T19:00:01.763Z [INFO] [REBALANCE] ARB: $42.93 / $45.00 (-4.6%)
2025-08-15T19:00:01.784Z [INFO] [REBALANCE] ----------Portfolio rebalancing completed----------
2025-08-15T19:00:02.258Z [INFO] [ASSET] 
#####################################################################################
# BTC: $156.69 | USDT: $22.54 | Portfolio: $578.83 | Total: $758.07 | ROI: 3.84% | PNL: $28.07 (PROFIT) #
#####################################################################################
2025-08-15T19:30:00.956Z [INFO] [REBALANCE] Starting portfolio rebalancing 585 $
2025-08-15T19:30:01.429Z [INFO] [REBALANCE] ETH: $150.35 / $150.00 (0.2%)
2025-08-15T19:30:01.489Z [INFO] [REBALANCE] ARB: $43.11 / $45.00 (-4.2%)
2025-08-15T19:30:01.514Z [INFO] [REBALANCE] BNB: $150.49 / $150.00 (0.3%)
2025-08-15T19:30:01.543Z [INFO] [REBALANCE] SOL: $147.49 / $150.00 (-1.7%)
2025-08-15T19:30:01.568Z [INFO] [REBALANCE] DOT: $43.83 / $45.00 (-2.6%)
2025-08-15T19:30:02.097Z [INFO] [REBALANCE] SUI: $43.86 / $45.00 (-2.5%)
2025-08-15T19:30:02.108Z [INFO] [REBALANCE] ----------Portfolio rebalancing completed----------
2025-08-15T19:30:02.578Z [INFO] [ASSET] 
#####################################################################################
# BTC: $156.64 | USDT: $22.54 | Portfolio: $579.12 | Total: $758.31 | ROI: 3.88% | PNL: $28.31 (PROFIT) #
#####################################################################################
2025-08-15T19:40:59.495Z [INFO] [SYSTEM] Memory Usage - RSS: 71.55MB, Heap: 17.91MB, External: 3.46MB
2025-08-15T20:00:01.055Z [INFO] [REBALANCE] Starting portfolio rebalancing 585 $
2025-08-15T20:00:01.610Z [INFO] [REBALANCE] ETH: $149.72 / $150.00 (-0.2%)
2025-08-15T20:00:01.613Z [INFO] [REBALANCE] SOL: $147.21 / $150.00 (-1.9%)
2025-08-15T20:00:01.667Z [INFO] [REBALANCE] BNB: $150.36 / $150.00 (0.2%)
2025-08-15T20:00:01.671Z [INFO] [REBALANCE] SUI: $43.84 / $45.00 (-2.6%)
2025-08-15T20:00:01.765Z [INFO] [REBALANCE] ARB: $42.87 / $45.00 (-4.7%)
2025-08-15T20:00:03.096Z [INFO] [REBALANCE] DOT: $43.71 / $45.00 (-2.9%)
2025-08-15T20:00:03.109Z [INFO] [REBALANCE] ----------Portfolio rebalancing completed----------
2025-08-15T20:00:03.594Z [INFO] [ASSET] 
#####################################################################################
# BTC: $156.37 | USDT: $22.54 | Portfolio: $577.70 | Total: $756.61 | ROI: 3.65% | PNL: $26.61 (PROFIT) #
#####################################################################################
2025-08-15T20:30:00.963Z [INFO] [REBALANCE] Starting portfolio rebalancing 585 $
2025-08-15T20:30:01.514Z [INFO] [REBALANCE] BNB: $151.00 / $150.00 (0.7%)
2025-08-15T20:30:01.552Z [INFO] [REBALANCE] DOT: $43.89 / $45.00 (-2.5%)
2025-08-15T20:30:01.593Z [INFO] [REBALANCE] SUI: $44.01 / $45.00 (-2.2%)
2025-08-15T20:30:01.673Z [INFO] [REBALANCE] ETH: $150.88 / $150.00 (0.6%)
2025-08-15T20:30:01.679Z [INFO] [REBALANCE] SOL: $147.43 / $150.00 (-1.7%)
2025-08-15T20:30:01.723Z [INFO] [REBALANCE] ARB: $43.00 / $45.00 (-4.4%)
2025-08-15T20:30:01.737Z [INFO] [REBALANCE] ----------Portfolio rebalancing completed----------
2025-08-15T20:30:02.207Z [INFO] [ASSET] 
#####################################################################################
# BTC: $156.71 | USDT: $22.54 | Portfolio: $580.22 | Total: $759.48 | ROI: 4.04% | PNL: $29.48 (PROFIT) #
#####################################################################################
2025-08-15T20:40:59.493Z [INFO] [SYSTEM] Memory Usage - RSS: 70.03MB, Heap: 17.89MB, External: 3.73MB
2025-08-15T21:00:01.052Z [INFO] [REBALANCE] Starting portfolio rebalancing 585 $
2025-08-15T21:00:01.524Z [INFO] [REBALANCE] ETH: $151.11 / $150.00 (0.7%)
2025-08-15T21:00:01.575Z [INFO] [REBALANCE] DOT: $44.21 / $45.00 (-1.7%)
2025-08-15T21:00:01.621Z [INFO] [REBALANCE] SUI: $44.33 / $45.00 (-1.5%)
2025-08-15T21:00:01.644Z [INFO] [REBALANCE] ARB: $43.29 / $45.00 (-3.8%)
2025-08-15T21:00:01.673Z [INFO] [REBALANCE] BNB: $151.39 / $150.00 (0.9%)
2025-08-15T21:00:02.989Z [INFO] [REBALANCE] SOL: $147.89 / $150.00 (-1.4%)
2025-08-15T21:00:03.003Z [INFO] [REBALANCE] ----------Portfolio rebalancing completed----------
2025-08-15T21:00:03.644Z [INFO] [ASSET] 
#####################################################################################
# BTC: $156.85 | USDT: $22.54 | Portfolio: $582.22 | Total: $761.61 | ROI: 4.33% | PNL: $31.61 (PROFIT) #
#####################################################################################
2025-08-15T23:21:20.801Z [INFO] [SYSTEM] Memory Usage - RSS: 68.17MB, Heap: 17.34MB, External: 3.55MB
2025-08-15T23:21:22.326Z [INFO] [REBALANCE] Starting portfolio rebalancing 585 $
2025-08-15T23:21:24.132Z [INFO] [REBALANCE] ETH: $151.28 / $150.00 (0.9%)
2025-08-15T23:21:25.127Z [INFO] [REBALANCE] SOL: $148.36 / $150.00 (-1.1%)
2025-08-15T23:21:25.153Z [INFO] [REBALANCE] DOT: $44.41 / $45.00 (-1.3%)
2025-08-15T23:21:25.918Z [INFO] [REBALANCE] ARB: $43.50 / $45.00 (-3.3%)
2025-08-15T23:21:26.194Z [INFO] [REBALANCE] BNB: $151.51 / $150.00 (1.0%)
2025-08-15T23:21:26.207Z [INFO] [REBALANCE] SUI: $44.44 / $45.00 (-1.2%)
2025-08-15T23:21:26.544Z [INFO] [REBALANCE] ----------Portfolio rebalancing completed----------
2025-08-15T23:21:27.373Z [INFO] [ASSET] 
#####################################################################################
# BTC: $156.71 | USDT: $22.54 | Portfolio: $583.50 | Total: $762.76 | ROI: 4.49% | PNL: $32.76 (PROFIT) #
#####################################################################################
2025-08-15T23:30:01.004Z [INFO] [REBALANCE] Starting portfolio rebalancing 585 $
2025-08-15T23:30:01.552Z [INFO] [REBALANCE] BNB: $151.51 / $150.00 (1.0%)
2025-08-15T23:30:01.568Z [INFO] [REBALANCE] SOL: $148.44 / $150.00 (-1.0%)
2025-08-15T23:30:01.616Z [INFO] [REBALANCE] SUI: $44.40 / $45.00 (-1.3%)
2025-08-15T23:30:01.625Z [INFO] [REBALANCE] DOT: $44.33 / $45.00 (-1.5%)
2025-08-15T23:30:01.640Z [INFO] [REBALANCE] ARB: $43.54 / $45.00 (-3.3%)
2025-08-15T23:30:01.695Z [INFO] [REBALANCE] ETH: $151.19 / $150.00 (0.8%)
2025-08-15T23:30:01.736Z [INFO] [REBALANCE] ----------Portfolio rebalancing completed----------
2025-08-15T23:30:02.408Z [INFO] [ASSET] 
#####################################################################################
# BTC: $156.72 | USDT: $22.54 | Portfolio: $583.40 | Total: $762.66 | ROI: 4.47% | PNL: $32.66 (PROFIT) #
#####################################################################################
2025-08-16T00:00:01.141Z [INFO] [REBALANCE] Starting portfolio rebalancing 585 $
2025-08-16T00:00:01.724Z [INFO] [REBALANCE] SUI: $44.49 / $45.00 (-1.1%)
2025-08-16T00:00:01.739Z [INFO] [REBALANCE] ARB: $43.55 / $45.00 (-3.2%)
2025-08-16T00:00:01.744Z [INFO] [REBALANCE] DOT: $44.44 / $45.00 (-1.2%)
2025-08-16T00:00:01.758Z [INFO] [REBALANCE] SOL: $148.57 / $150.00 (-1.0%)
2025-08-16T00:00:01.786Z [INFO] [REBALANCE] BNB: $151.59 / $150.00 (1.1%)
2025-08-16T00:00:01.864Z [INFO] [REBALANCE] ETH: $151.60 / $150.00 (1.1%)
2025-08-16T00:00:01.876Z [INFO] [REBALANCE] ----------Portfolio rebalancing completed----------
2025-08-16T00:00:02.372Z [INFO] [ASSET] 
#####################################################################################
# BTC: $156.91 | USDT: $22.54 | Portfolio: $584.25 | Total: $763.70 | ROI: 4.62% | PNL: $33.70 (PROFIT) #
#####################################################################################
2025-08-16T00:00:03.591Z [INFO] [REBALANCE] Starting portfolio rebalancing 585 $
2025-08-16T00:00:03.838Z [INFO] [REBALANCE] ETH: $151.60 / $150.00 (1.1%)
2025-08-16T00:00:03.900Z [INFO] [REBALANCE] BNB: $151.59 / $150.00 (1.1%)
2025-08-16T00:00:03.916Z [INFO] [REBALANCE] DOT: $44.44 / $45.00 (-1.2%)
2025-08-16T00:00:03.929Z [INFO] [REBALANCE] SUI: $44.49 / $45.00 (-1.1%)
2025-08-16T00:00:03.958Z [INFO] [REBALANCE] ARB: $43.55 / $45.00 (-3.2%)
2025-08-16T00:00:03.969Z [INFO] [REBALANCE] SOL: $148.57 / $150.00 (-1.0%)
2025-08-16T00:00:04.007Z [INFO] [REBALANCE] ----------Portfolio rebalancing completed----------
2025-08-16T00:00:04.240Z [INFO] [ASSET] 
#####################################################################################
# BTC: $156.91 | USDT: $22.54 | Portfolio: $584.25 | Total: $763.70 | ROI: 4.62% | PNL: $33.70 (PROFIT) #
#####################################################################################
2025-08-16T00:00:05.464Z [INFO] [REBALANCE] Starting portfolio rebalancing 585 $
2025-08-16T00:00:05.752Z [INFO] [REBALANCE] SUI: $44.49 / $45.00 (-1.1%)
2025-08-16T00:00:05.758Z [INFO] [REBALANCE] BNB: $151.59 / $150.00 (1.1%)
2025-08-16T00:00:05.775Z [INFO] [REBALANCE] ARB: $43.55 / $45.00 (-3.2%)
2025-08-16T00:00:05.786Z [INFO] [REBALANCE] SOL: $148.57 / $150.00 (-1.0%)
2025-08-16T00:00:05.790Z [INFO] [REBALANCE] DOT: $44.44 / $45.00 (-1.2%)
2025-08-16T00:00:06.115Z [INFO] [REBALANCE] ETH: $151.60 / $150.00 (1.1%)
2025-08-16T00:00:06.126Z [INFO] [REBALANCE] ----------Portfolio rebalancing completed----------
2025-08-16T00:00:06.361Z [INFO] [ASSET] 
#####################################################################################
# BTC: $156.91 | USDT: $22.54 | Portfolio: $584.25 | Total: $763.70 | ROI: 4.62% | PNL: $33.70 (PROFIT) #
#####################################################################################
2025-08-16T00:00:07.584Z [INFO] [REBALANCE] Starting portfolio rebalancing 585 $
2025-08-16T00:00:08.060Z [INFO] [REBALANCE] ETH: $151.60 / $150.00 (1.1%)
2025-08-16T00:00:08.151Z [INFO] [REBALANCE] ARB: $43.55 / $45.00 (-3.2%)
2025-08-16T00:00:08.155Z [INFO] [REBALANCE] DOT: $44.44 / $45.00 (-1.2%)
2025-08-16T00:00:08.161Z [INFO] [REBALANCE] SOL: $148.57 / $150.00 (-1.0%)
2025-08-16T00:00:08.191Z [INFO] [REBALANCE] BNB: $151.58 / $150.00 (1.1%)
2025-08-16T00:00:08.209Z [INFO] [REBALANCE] SUI: $44.49 / $45.00 (-1.1%)
2025-08-16T00:00:08.231Z [INFO] [REBALANCE] ----------Portfolio rebalancing completed----------
2025-08-16T00:00:08.688Z [INFO] [ASSET] 
#####################################################################################
# BTC: $156.91 | USDT: $22.54 | Portfolio: $584.24 | Total: $763.69 | ROI: 4.61% | PNL: $33.69 (PROFIT) #
#####################################################################################
2025-08-16T00:00:09.910Z [INFO] [REBALANCE] Starting portfolio rebalancing 585 $
2025-08-16T00:00:10.182Z [INFO] [REBALANCE] SOL: $148.57 / $150.00 (-1.0%)
2025-08-16T00:00:10.212Z [INFO] [REBALANCE] ETH: $151.60 / $150.00 (1.1%)
2025-08-16T00:00:10.230Z [INFO] [REBALANCE] DOT: $44.44 / $45.00 (-1.2%)
2025-08-16T00:00:10.236Z [INFO] [REBALANCE] ARB: $43.55 / $45.00 (-3.2%)
2025-08-16T00:00:10.250Z [INFO] [REBALANCE] BNB: $151.58 / $150.00 (1.1%)
2025-08-16T00:00:10.262Z [INFO] [REBALANCE] SUI: $44.49 / $45.00 (-1.1%)
2025-08-16T00:00:10.300Z [INFO] [REBALANCE] ----------Portfolio rebalancing completed----------
2025-08-16T00:00:10.534Z [INFO] [ASSET] 
#####################################################################################
# BTC: $156.91 | USDT: $22.54 | Portfolio: $584.24 | Total: $763.69 | ROI: 4.61% | PNL: $33.69 (PROFIT) #
#####################################################################################
2025-08-16T00:00:11.754Z [INFO] [REBALANCE] Starting portfolio rebalancing 585 $
2025-08-16T00:00:12.053Z [INFO] [REBALANCE] SOL: $148.57 / $150.00 (-1.0%)
2025-08-16T00:00:12.064Z [INFO] [REBALANCE] ETH: $151.60 / $150.00 (1.1%)
2025-08-16T00:00:12.074Z [INFO] [REBALANCE] ARB: $43.55 / $45.00 (-3.2%)
2025-08-16T00:00:12.094Z [INFO] [REBALANCE] BNB: $151.58 / $150.00 (1.1%)
2025-08-16T00:00:12.102Z [INFO] [REBALANCE] SUI: $44.49 / $45.00 (-1.1%)
2025-08-16T00:00:12.109Z [INFO] [REBALANCE] DOT: $44.44 / $45.00 (-1.2%)
2025-08-16T00:00:12.147Z [INFO] [REBALANCE] ----------Portfolio rebalancing completed----------
2025-08-16T00:00:12.380Z [INFO] [ASSET] 
#####################################################################################
# BTC: $156.91 | USDT: $22.54 | Portfolio: $584.24 | Total: $763.69 | ROI: 4.61% | PNL: $33.69 (PROFIT) #
#####################################################################################
2025-08-16T00:00:13.599Z [INFO] [REBALANCE] Starting portfolio rebalancing 585 $
2025-08-16T00:00:14.069Z [INFO] [REBALANCE] ETH: $151.60 / $150.00 (1.1%)
2025-08-16T00:00:14.139Z [INFO] [REBALANCE] BNB: $151.54 / $150.00 (1.0%)
2025-08-16T00:00:14.165Z [INFO] [REBALANCE] DOT: $44.43 / $45.00 (-1.3%)
2025-08-16T00:00:14.186Z [INFO] [REBALANCE] ARB: $43.55 / $45.00 (-3.2%)
2025-08-16T00:00:14.199Z [INFO] [REBALANCE] SUI: $44.48 / $45.00 (-1.1%)
2025-08-16T00:00:14.207Z [INFO] [REBALANCE] SOL: $148.55 / $150.00 (-1.0%)
2025-08-16T00:00:14.268Z [INFO] [REBALANCE] ----------Portfolio rebalancing completed----------
2025-08-16T00:00:14.728Z [INFO] [ASSET] 
#####################################################################################
# BTC: $156.91 | USDT: $22.54 | Portfolio: $584.16 | Total: $763.61 | ROI: 4.60% | PNL: $33.61 (PROFIT) #
#####################################################################################
2025-08-16T00:00:15.949Z [INFO] [REBALANCE] Starting portfolio rebalancing 585 $
2025-08-16T00:00:16.245Z [INFO] [REBALANCE] BNB: $151.54 / $150.00 (1.0%)
2025-08-16T00:00:16.256Z [INFO] [REBALANCE] ETH: $151.60 / $150.00 (1.1%)
2025-08-16T00:00:16.271Z [INFO] [REBALANCE] SUI: $44.48 / $45.00 (-1.1%)
2025-08-16T00:00:16.282Z [INFO] [REBALANCE] DOT: $44.43 / $45.00 (-1.3%)
2025-08-16T00:00:16.288Z [INFO] [REBALANCE] SOL: $148.55 / $150.00 (-1.0%)
2025-08-16T00:00:16.297Z [INFO] [REBALANCE] ARB: $43.55 / $45.00 (-3.2%)
2025-08-16T00:00:16.345Z [INFO] [REBALANCE] ----------Portfolio rebalancing completed----------
2025-08-16T00:00:16.574Z [INFO] [ASSET] 
#####################################################################################
# BTC: $156.91 | USDT: $22.54 | Portfolio: $584.16 | Total: $763.61 | ROI: 4.60% | PNL: $33.61 (PROFIT) #
#####################################################################################
2025-08-16T00:00:17.794Z [INFO] [REBALANCE] Starting portfolio rebalancing 585 $
2025-08-16T00:00:18.086Z [INFO] [REBALANCE] SOL: $148.55 / $150.00 (-1.0%)
2025-08-16T00:00:18.100Z [INFO] [REBALANCE] DOT: $44.43 / $45.00 (-1.3%)
2025-08-16T00:00:18.109Z [INFO] [REBALANCE] ETH: $151.60 / $150.00 (1.1%)
2025-08-16T00:00:18.125Z [INFO] [REBALANCE] BNB: $151.54 / $150.00 (1.0%)
2025-08-16T00:00:18.138Z [INFO] [REBALANCE] ARB: $43.55 / $45.00 (-3.2%)
2025-08-16T00:00:18.145Z [INFO] [REBALANCE] SUI: $44.48 / $45.00 (-1.1%)
2025-08-16T00:00:18.190Z [INFO] [REBALANCE] ----------Portfolio rebalancing completed----------
2025-08-16T00:00:18.432Z [INFO] [ASSET] 
#####################################################################################
# BTC: $156.91 | USDT: $22.54 | Portfolio: $584.16 | Total: $763.61 | ROI: 4.60% | PNL: $33.61 (PROFIT) #
#####################################################################################
2025-08-16T00:00:19.652Z [INFO] [REBALANCE] Starting portfolio rebalancing 585 $
2025-08-16T00:00:20.150Z [INFO] [REBALANCE] ETH: $151.58 / $150.00 (1.1%)
2025-08-16T00:00:20.194Z [INFO] [REBALANCE] SOL: $148.58 / $150.00 (-0.9%)
2025-08-16T00:00:20.239Z [INFO] [REBALANCE] SUI: $44.49 / $45.00 (-1.1%)
2025-08-16T00:00:20.256Z [INFO] [REBALANCE] BNB: $151.50 / $150.00 (1.0%)
2025-08-16T00:00:20.268Z [INFO] [REBALANCE] DOT: $44.42 / $45.00 (-1.3%)
2025-08-16T00:00:20.288Z [INFO] [REBALANCE] ARB: $43.55 / $45.00 (-3.2%)
2025-08-16T00:00:20.309Z [INFO] [REBALANCE] ----------Portfolio rebalancing completed----------
2025-08-16T00:00:20.769Z [INFO] [ASSET] 
#####################################################################################
# BTC: $156.87 | USDT: $22.54 | Portfolio: $584.12 | Total: $763.53 | ROI: 4.59% | PNL: $33.53 (PROFIT) #
#####################################################################################
2025-08-16T00:00:21.988Z [INFO] [REBALANCE] Starting portfolio rebalancing 585 $
2025-08-16T00:00:22.264Z [INFO] [REBALANCE] SOL: $148.58 / $150.00 (-0.9%)
2025-08-16T00:00:22.297Z [INFO] [REBALANCE] SUI: $44.49 / $45.00 (-1.1%)
2025-08-16T00:00:22.308Z [INFO] [REBALANCE] DOT: $44.42 / $45.00 (-1.3%)
2025-08-16T00:00:22.318Z [INFO] [REBALANCE] ETH: $151.58 / $150.00 (1.1%)
2025-08-16T00:00:22.331Z [INFO] [REBALANCE] BNB: $151.50 / $150.00 (1.0%)
2025-08-16T00:00:22.345Z [INFO] [REBALANCE] ARB: $43.55 / $45.00 (-3.2%)
2025-08-16T00:00:22.375Z [INFO] [REBALANCE] ----------Portfolio rebalancing completed----------
2025-08-16T00:00:22.611Z [INFO] [ASSET] 
#####################################################################################
# BTC: $156.87 | USDT: $22.54 | Portfolio: $584.12 | Total: $763.53 | ROI: 4.59% | PNL: $33.53 (PROFIT) #
#####################################################################################
2025-08-16T00:00:23.831Z [INFO] [REBALANCE] Starting portfolio rebalancing 585 $
2025-08-16T00:00:24.126Z [INFO] [REBALANCE] SUI: $44.49 / $45.00 (-1.1%)
2025-08-16T00:00:24.136Z [INFO] [REBALANCE] ETH: $151.58 / $150.00 (1.1%)
2025-08-16T00:00:24.145Z [INFO] [REBALANCE] DOT: $44.42 / $45.00 (-1.3%)
2025-08-16T00:00:24.160Z [INFO] [REBALANCE] BNB: $151.50 / $150.00 (1.0%)
2025-08-16T00:00:24.174Z [INFO] [REBALANCE] SOL: $148.58 / $150.00 (-0.9%)
2025-08-16T00:00:24.184Z [INFO] [REBALANCE] ARB: $43.55 / $45.00 (-3.2%)
2025-08-16T00:00:24.224Z [INFO] [REBALANCE] ----------Portfolio rebalancing completed----------
2025-08-16T00:00:24.462Z [INFO] [ASSET] 
#####################################################################################
# BTC: $156.87 | USDT: $22.54 | Portfolio: $584.12 | Total: $763.53 | ROI: 4.59% | PNL: $33.53 (PROFIT) #
#####################################################################################
2025-08-16T00:00:25.679Z [INFO] [REBALANCE] Starting portfolio rebalancing 585 $
2025-08-16T00:00:26.158Z [INFO] [REBALANCE] SOL: $148.54 / $150.00 (-1.0%)
2025-08-16T00:00:26.251Z [INFO] [REBALANCE] BNB: $151.49 / $150.00 (1.0%)
2025-08-16T00:00:26.267Z [INFO] [REBALANCE] ARB: $43.55 / $45.00 (-3.2%)
2025-08-16T00:00:26.303Z [INFO] [REBALANCE] ETH: $151.58 / $150.00 (1.1%)
2025-08-16T00:00:26.318Z [INFO] [REBALANCE] DOT: $44.42 / $45.00 (-1.3%)
2025-08-16T00:00:26.331Z [INFO] [REBALANCE] SUI: $44.49 / $45.00 (-1.1%)
2025-08-16T00:00:26.351Z [INFO] [REBALANCE] ----------Portfolio rebalancing completed----------
2025-08-16T00:00:27.234Z [INFO] [ASSET] 
#####################################################################################
# BTC: $156.87 | USDT: $22.54 | Portfolio: $584.07 | Total: $763.48 | ROI: 4.59% | PNL: $33.48 (PROFIT) #
#####################################################################################
2025-08-16T00:00:28.453Z [INFO] [REBALANCE] Starting portfolio rebalancing 585 $
2025-08-16T00:00:28.728Z [INFO] [REBALANCE] ETH: $151.58 / $150.00 (1.1%)
2025-08-16T00:00:28.749Z [INFO] [REBALANCE] BNB: $151.49 / $150.00 (1.0%)
2025-08-16T00:00:28.788Z [INFO] [REBALANCE] SOL: $148.54 / $150.00 (-1.0%)
2025-08-16T00:00:28.797Z [INFO] [REBALANCE] DOT: $44.42 / $45.00 (-1.3%)
2025-08-16T00:00:28.803Z [INFO] [REBALANCE] ARB: $43.55 / $45.00 (-3.2%)
2025-08-16T00:00:28.809Z [INFO] [REBALANCE] SUI: $44.49 / $45.00 (-1.1%)
2025-08-16T00:00:28.853Z [INFO] [REBALANCE] ----------Portfolio rebalancing completed----------
2025-08-16T00:00:29.088Z [INFO] [ASSET] 
#####################################################################################
# BTC: $156.87 | USDT: $22.54 | Portfolio: $584.07 | Total: $763.48 | ROI: 4.59% | PNL: $33.48 (PROFIT) #
#####################################################################################
2025-08-16T00:00:30.307Z [INFO] [REBALANCE] Starting portfolio rebalancing 585 $
2025-08-16T00:00:30.601Z [INFO] [REBALANCE] ETH: $151.58 / $150.00 (1.1%)
2025-08-16T00:00:30.611Z [INFO] [REBALANCE] ARB: $43.55 / $45.00 (-3.2%)
2025-08-16T00:00:30.619Z [INFO] [REBALANCE] BNB: $151.49 / $150.00 (1.0%)
2025-08-16T00:00:30.626Z [INFO] [REBALANCE] SOL: $148.54 / $150.00 (-1.0%)
2025-08-16T00:00:30.643Z [INFO] [REBALANCE] SUI: $44.49 / $45.00 (-1.1%)
2025-08-16T00:00:30.678Z [INFO] [REBALANCE] DOT: $44.42 / $45.00 (-1.3%)
2025-08-16T00:00:30.693Z [INFO] [REBALANCE] ----------Portfolio rebalancing completed----------
2025-08-16T00:00:30.929Z [INFO] [ASSET] 
#####################################################################################
# BTC: $156.87 | USDT: $22.54 | Portfolio: $584.07 | Total: $763.48 | ROI: 4.59% | PNL: $33.48 (PROFIT) #
#####################################################################################
2025-08-16T00:00:32.375Z [INFO] [REBALANCE] Starting portfolio rebalancing 585 $
2025-08-16T00:00:32.853Z [INFO] [REBALANCE] ETH: $151.55 / $150.00 (1.0%)
2025-08-16T00:00:32.916Z [INFO] [REBALANCE] BNB: $151.49 / $150.00 (1.0%)
2025-08-16T00:00:32.936Z [INFO] [REBALANCE] DOT: $44.42 / $45.00 (-1.3%)
2025-08-16T00:00:32.958Z [INFO] [REBALANCE] ARB: $43.55 / $45.00 (-3.2%)
2025-08-16T00:00:32.974Z [INFO] [REBALANCE] SOL: $148.53 / $150.00 (-1.0%)
2025-08-16T00:00:33.491Z [INFO] [REBALANCE] SUI: $44.48 / $45.00 (-1.2%)
2025-08-16T00:00:33.502Z [INFO] [REBALANCE] ----------Portfolio rebalancing completed----------
2025-08-16T00:00:34.605Z [INFO] [ASSET] 
#####################################################################################
# BTC: $156.85 | USDT: $22.54 | Portfolio: $584.01 | Total: $763.40 | ROI: 4.58% | PNL: $33.40 (PROFIT) #
#####################################################################################
2025-08-16T00:17:00.351Z [INFO] [SYSTEM] Trading Bot starting up...
2025-08-16T00:17:00.355Z [INFO] [SYSTEM] Memory monitoring started
2025-08-16T00:17:01.099Z [INFO] [SYSTEM] Trading Bot started successfully
2025-08-16T00:17:01.102Z [INFO] [REBALANCE] Starting portfolio rebalancing 585 $
2025-08-16T00:17:01.868Z [INFO] [REBALANCE] ETH: $152.12 / $150.00 (1.4%)
2025-08-16T00:17:01.889Z [INFO] [REBALANCE] BNB: $151.98 / $150.00 (1.3%)
2025-08-16T00:17:01.927Z [INFO] [REBALANCE] ARB: $43.68 / $45.00 (-2.9%)
2025-08-16T00:17:01.945Z [INFO] [REBALANCE] SUI: $44.65 / $45.00 (-0.8%)
2025-08-16T00:17:01.963Z [INFO] [REBALANCE] SOL: $149.21 / $150.00 (-0.5%)
2025-08-16T00:17:01.973Z [INFO] [REBALANCE] DOT: $44.65 / $45.00 (-0.8%)
2025-08-16T00:17:02.043Z [INFO] [REBALANCE] ----------Portfolio rebalancing completed----------
2025-08-16T00:17:02.281Z [INFO] [ASSET] 
#####################################################################################
# BTC: $157.13 | USDT: $22.54 | Portfolio: $586.29 | Total: $765.96 | ROI: 4.93% | PNL: $35.96 (PROFIT) #
#####################################################################################
2025-08-16T00:25:51.144Z [INFO] [SYSTEM] Trading Bot starting up...
2025-08-16T00:25:51.148Z [INFO] [SYSTEM] Memory monitoring started
2025-08-16T00:25:52.105Z [INFO] [SYSTEM] Trading Bot started successfully
2025-08-16T00:25:52.108Z [INFO] [REBALANCE] Starting portfolio rebalancing 585 $
2025-08-16T00:25:52.718Z [INFO] [REBALANCE] ETH: $152.38 / $150.00 (1.6%)
2025-08-16T00:25:52.721Z [INFO] [REBALANCE] ARB: $43.58 / $45.00 (-3.2%)
2025-08-16T00:25:52.725Z [INFO] [REBALANCE] SOL: $149.33 / $150.00 (-0.4%)
2025-08-16T00:25:52.797Z [INFO] [REBALANCE] SUI: $44.71 / $45.00 (-0.7%)
2025-08-16T00:25:52.803Z [INFO] [REBALANCE] DOT: $44.66 / $45.00 (-0.8%)
2025-08-16T00:25:52.848Z [INFO] [REBALANCE] BNB: $152.28 / $150.00 (1.5%)
2025-08-16T00:25:52.859Z [INFO] [REBALANCE] ----------Portfolio rebalancing completed----------
2025-08-16T00:25:53.113Z [INFO] [ASSET] 
#####################################################################################
# BTC: $157.18 | USDT: $22.54 | Portfolio: $586.94 | Total: $766.67 | ROI: 5.02% | PNL: $36.67 (PROFIT) #
#####################################################################################
2025-08-16T00:30:01.073Z [INFO] [REBALANCE] Starting portfolio rebalancing 585 $
2025-08-16T00:30:01.578Z [INFO] [REBALANCE] ETH: $152.08 / $150.00 (1.4%)
2025-08-16T00:30:01.658Z [INFO] [REBALANCE] DOT: $44.56 / $45.00 (-1.0%)
2025-08-16T00:30:01.670Z [INFO] [REBALANCE] SOL: $148.97 / $150.00 (-0.7%)
2025-08-16T00:30:01.735Z [INFO] [REBALANCE] ARB: $43.40 / $45.00 (-3.6%)
2025-08-16T00:30:01.745Z [INFO] [REBALANCE] BNB: $152.02 / $150.00 (1.3%)
2025-08-16T00:30:01.851Z [INFO] [REBALANCE] SUI: $44.61 / $45.00 (-0.9%)
2025-08-16T00:30:01.865Z [INFO] [REBALANCE] ----------Portfolio rebalancing completed----------
2025-08-16T00:30:02.362Z [INFO] [ASSET] 
#####################################################################################
# BTC: $157.11 | USDT: $22.54 | Portfolio: $585.63 | Total: $765.29 | ROI: 4.83% | PNL: $35.29 (PROFIT) #
#####################################################################################